CAPACITY OF TAXI: 10
  [INIT] Registered taxi t_0 (capacity=10)
CAPACITY OF TAXI: 10
  [INIT] Registered taxi t_1 (capacity=10)
  [NEW REQUEST] person=0  res=0  E14 → E17  direct_tt=20.2s
New arrivals: ['0'], pickups: [], dropoffs: []
  → ASSIGNED req=0 → taxi=t_0  pu_eta=38.8s  (flush pending)
  → DISPATCHED taxi=t_0 reservations=['0', '0']
  [NEW REQUEST] person=1  res=1  A3B3 → D1C1  direct_tt=44.0s
New arrivals: ['1'], pickups: [], dropoffs: []
  → ASSIGNED req=1 → taxi=t_0  pu_eta=93.0s  (flush pending)
  → DISPATCHED taxi=t_0 reservations=['0', '0', '1', '1']
  [PERIODIC PICKUP] person=0  taxi=t_0  t=70.0s
New arrivals: [], pickups: ['0'], dropoffs: []
  [DROPOFF] person=0  t=160.0s  ride_time=90.0s  excess=69.79698810263221
New arrivals: [], pickups: [], dropoffs: ['0']
  [PERIODIC PICKUP] person=1  taxi=t_0  t=180.0s
New arrivals: [], pickups: ['1'], dropoffs: []
  [NEW REQUEST] person=2  res=2  A3B3 → E12  direct_tt=26.9s
New arrivals: ['2'], pickups: [], dropoffs: []
  → ASSIGNED req=2 → taxi=t_0  pu_eta=301.6s  (flush pending)
  → DISPATCHED taxi=t_0 reservations=['1', '2', '2']
  [DROPOFF] person=1  t=360.0s  ride_time=180.0s  excess=135.95520123579135
New arrivals: [], pickups: [], dropoffs: ['1']
  [PERIODIC PICKUP] person=2  taxi=t_0  t=400.0s
New arrivals: [], pickups: ['2'], dropoffs: []
  [NEW REQUEST] person=3  res=3  B3C3 → E13  direct_tt=16.2s
New arrivals: ['3'], pickups: [], dropoffs: []
  → ASSIGNED req=3 → taxi=t_0  pu_eta=477.4s  (flush pending)
  → DISPATCHED taxi=t_0 reservations=['3', '3', '2']
  [NEW REQUEST] person=4  res=4  E17 → E12  direct_tt=19.8s
New arrivals: ['4'], pickups: [], dropoffs: []
  → ASSIGNED req=4 → taxi=t_0  pu_eta=530.1s  (flush pending)
  → DISPATCHED taxi=t_0 reservations=['3', '3', '4', '2', '4']
  [PERIODIC PICKUP] person=3  taxi=t_0  t=530.0s
New arrivals: [], pickups: ['3'], dropoffs: []
  [DROPOFF] person=3  t=610.0s  ride_time=80.0s  excess=63.824697694836345
New arrivals: [], pickups: [], dropoffs: ['3']
  [NEW REQUEST] person=5  res=5  B2C2 → E17  direct_tt=31.7s
  [PERIODIC PICKUP] person=4  taxi=t_0  t=650.0s
New arrivals: ['5'], pickups: ['4'], dropoffs: []
  → ASSIGNED req=5 → taxi=t_1  pu_eta=693.0s  (flush pending)
  → DISPATCHED taxi=t_1 reservations=['5', '5']
  [PERIODIC PICKUP] person=5  taxi=t_1  t=730.0s
New arrivals: [], pickups: ['5'], dropoffs: []
  [DROPOFF] person=2  t=740.0s  ride_time=340.0s  excess=313.1412465510572
  [DROPOFF] person=4  t=740.0s  ride_time=90.0s  excess=70.20342740960052
New arrivals: [], pickups: [], dropoffs: ['4', '2']
  [DROPOFF] person=5  t=830.0s  ride_time=100.0s  excess=68.29021990465611
New arrivals: [], pickups: [], dropoffs: ['5']
  [NEW REQUEST] person=6  res=6  B2A2 → B1A1  direct_tt=32.2s
New arrivals: ['6'], pickups: [], dropoffs: []
  → ASSIGNED req=6 → taxi=t_1  pu_eta=854.0s  (flush pending)
  → DISPATCHED taxi=t_1 reservations=['6', '6']
  [PERIODIC PICKUP] person=6  taxi=t_1  t=860.0s
New arrivals: [], pickups: ['6'], dropoffs: []
  [NEW REQUEST] person=7  res=7  C2B2 → B3A3  direct_tt=24.3s
New arrivals: ['7'], pickups: [], dropoffs: []
  → ASSIGNED req=7 → taxi=t_0  pu_eta=929.7s  (flush pending)
  → DISPATCHED taxi=t_0 reservations=['7', '7']
  [PERIODIC PICKUP] person=7  taxi=t_0  t=940.0s
New arrivals: [], pickups: ['7'], dropoffs: []
  [NEW REQUEST] person=8  res=8  E18 → A3A4  direct_tt=13.9s
New arrivals: ['8'], pickups: [], dropoffs: []
  → ASSIGNED req=8 → taxi=t_0  pu_eta=960.7s  (flush pending)
  → DISPATCHED taxi=t_0 reservations=['8', '8', '7']
  [DROPOFF] person=6  t=960.0s  ride_time=100.0s  excess=67.84786233097817
New arrivals: [], pickups: [], dropoffs: ['6']
  [NEW REQUEST] person=9  res=9  C3D3 → D1C1  direct_tt=26.9s
  [PERIODIC PICKUP] person=8  taxi=t_0  t=970.0s
New arrivals: ['9'], pickups: ['8'], dropoffs: []
  → ASSIGNED req=9 → taxi=t_0  pu_eta=1046.0s  (flush pending)
  → DISPATCHED taxi=t_0 reservations=['8', '7', '9', '9']
  [NEW REQUEST] person=10  res=10  A3A4 → C3D3  direct_tt=36.3s
New arrivals: ['10'], pickups: [], dropoffs: []
  → ASSIGNED req=10 → taxi=t_0  pu_eta=1000.0s  (flush pending)
  → DISPATCHED taxi=t_0 reservations=['8', '10', '7', '10', '9', '9']
  [NEW REQUEST] person=11  res=11  E12 → C3C2  direct_tt=20.0s
  [DROPOFF] person=8  t=1070.0s  ride_time=100.0s  excess=86.11696826645687
New arrivals: ['11'], pickups: [], dropoffs: ['8']
  → ASSIGNED req=11 → taxi=t_1  pu_eta=1100.4s  (flush pending)
  → DISPATCHED taxi=t_1 reservations=['11', '11']
  [PERIODIC PICKUP] person=10  taxi=t_0  t=1130.0s
New arrivals: [], pickups: ['10'], dropoffs: []
  [PERIODIC PICKUP] person=11  taxi=t_1  t=1150.0s
New arrivals: [], pickups: ['11'], dropoffs: []
  [DROPOFF] person=7  t=1230.0s  ride_time=290.0s  excess=265.7398665377991
New arrivals: [], pickups: [], dropoffs: ['7']
  [DROPOFF] person=11  t=1250.0s  ride_time=100.0s  excess=79.95390547327234
New arrivals: [], pickups: [], dropoffs: ['11']
  [NEW REQUEST] person=12  res=12  A2A3 → E16  direct_tt=16.3s
New arrivals: ['12'], pickups: [], dropoffs: []
  → ASSIGNED req=12 → taxi=t_1  pu_eta=1298.4s  (flush pending)
  → DISPATCHED taxi=t_1 reservations=['12', '12']
  [NEW REQUEST] person=13  res=13  D4D3 → C2D2  direct_tt=33.4s
New arrivals: ['13'], pickups: [], dropoffs: []
  → ASSIGNED req=13 → taxi=t_0  pu_eta=1331.1s  (flush pending)
  → DISPATCHED taxi=t_0 reservations=['10', '13', '9', '9', '13']
  [PERIODIC PICKUP] person=12  taxi=t_1  t=1330.0s
New arrivals: [], pickups: ['12'], dropoffs: []
  [DROPOFF] person=10  t=1370.0s  ride_time=240.0s  excess=203.6787345622171
New arrivals: [], pickups: [], dropoffs: ['10']
  [DROPOFF] person=12  t=1410.0s  ride_time=80.0s  excess=63.73060199203687
New arrivals: [], pickups: [], dropoffs: ['12']
  [PERIODIC PICKUP] person=13  taxi=t_0  t=1420.0s
New arrivals: [], pickups: ['13'], dropoffs: []
  [PERIODIC PICKUP] person=9  taxi=t_0  t=1440.0s
New arrivals: [], pickups: ['9'], dropoffs: []
  [NEW REQUEST] person=14  res=14  A1B1 → B2B3  direct_tt=22.4s
New arrivals: ['14'], pickups: [], dropoffs: []
  → ASSIGNED req=14 → taxi=t_1  pu_eta=1543.1s  (flush pending)
  → DISPATCHED taxi=t_1 reservations=['14', '14']
  [NEW REQUEST] person=15  res=15  C3C2 → B3B2  direct_tt=34.2s
New arrivals: ['15'], pickups: [], dropoffs: []
  → ASSIGNED req=15 → taxi=t_0  pu_eta=1581.6s  (flush pending)
  → DISPATCHED taxi=t_0 reservations=['15', '15', '9', '13']
  [PERIODIC PICKUP] person=14  taxi=t_1  t=1550.0s
New arrivals: [], pickups: ['14'], dropoffs: []
  [NEW REQUEST] person=16  res=16  E16 → B1C1  direct_tt=26.3s
New arrivals: ['16'], pickups: [], dropoffs: []
  → ASSIGNED req=16 → taxi=t_1  pu_eta=1577.8s  (flush pending)
  → DISPATCHED taxi=t_1 reservations=['16', '16', '14']
  [PERIODIC PICKUP] person=15  taxi=t_0  t=1580.0s
New arrivals: [], pickups: ['15'], dropoffs: []
  [NEW REQUEST] person=17  res=17  E13 → A1A2  direct_tt=27.7s
  [PERIODIC PICKUP] person=16  taxi=t_1  t=1590.0s
New arrivals: ['17'], pickups: ['16'], dropoffs: []
  → ASSIGNED req=17 → taxi=t_1  pu_eta=1667.3s  (flush pending)
  → DISPATCHED taxi=t_1 reservations=['16', '14', '17', '17']
  [NEW REQUEST] person=18  res=18  C3B3 → D1C1  direct_tt=47.9s
New arrivals: ['18'], pickups: [], dropoffs: []
  → ASSIGNED req=18 → taxi=t_1  pu_eta=1795.5s  (flush pending)
  → DISPATCHED taxi=t_1 reservations=['16', '14', '17', '17', '18', '18']
  [DROPOFF] person=15  t=1690.0s  ride_time=110.0s  excess=75.77912519466992
New arrivals: [], pickups: [], dropoffs: ['15']
  [NEW REQUEST] person=19  res=19  C3B3 → D3D4  direct_tt=34.1s
New arrivals: ['19'], pickups: [], dropoffs: []
  → ASSIGNED req=19 → taxi=t_1  pu_eta=1815.8s  (flush pending)
  → DISPATCHED taxi=t_1 reservations=['16', '14', '17', '19', '17', '18', '19', '18']
  [DROPOFF] person=16  t=1810.0s  ride_time=220.0s  excess=193.72011229178398
New arrivals: [], pickups: [], dropoffs: ['16']
  [DROPOFF] person=9  t=1840.0s  ride_time=400.0s  excess=373.0701552610283
New arrivals: [], pickups: [], dropoffs: ['9']
  [DROPOFF] person=14  t=1900.0s  ride_time=350.0s  excess=327.5586753059755
New arrivals: [], pickups: [], dropoffs: ['14']
  [DROPOFF] person=13  t=1930.0s  ride_time=510.0s  excess=476.6192508316586
New arrivals: [], pickups: [], dropoffs: ['13']
  [NEW REQUEST] person=20  res=20  B1C1 → D1C1  direct_tt=30.5s
  [PERIODIC PICKUP] person=17  taxi=t_1  t=1960.0s
New arrivals: ['20'], pickups: ['17'], dropoffs: []
  → ASSIGNED req=20 → taxi=t_0  pu_eta=1999.1s  (flush pending)
  → DISPATCHED taxi=t_0 reservations=['20', '20']
  [PERIODIC PICKUP] person=19  taxi=t_1  t=1990.0s
New arrivals: [], pickups: ['19'], dropoffs: []
  [PERIODIC PICKUP] person=20  taxi=t_0  t=2000.0s
New arrivals: [], pickups: ['20'], dropoffs: []
  [DROPOFF] person=20  t=2090.0s  ride_time=90.0s  excess=59.508714418350024
New arrivals: [], pickups: [], dropoffs: ['20']
  [DROPOFF] person=17  t=2120.0s  ride_time=160.0s  excess=132.2660849525066
New arrivals: [], pickups: [], dropoffs: ['17']
  [NEW REQUEST] person=21  res=21  B2A2 → E14  direct_tt=31.5s
New arrivals: ['21'], pickups: [], dropoffs: []
  → ASSIGNED req=21 → taxi=t_1  pu_eta=2199.7s  (flush pending)
  → DISPATCHED taxi=t_1 reservations=['18', '21', '19', '21', '18']
  [PERIODIC PICKUP] person=18  taxi=t_1  t=2170.0s
New arrivals: [], pickups: ['18'], dropoffs: []
  [NEW REQUEST] person=22  res=22  B3C3 → A4A3  direct_tt=38.4s
New arrivals: ['22'], pickups: [], dropoffs: []
  → ASSIGNED req=22 → taxi=t_0  pu_eta=2226.0s  (flush pending)
  → DISPATCHED taxi=t_0 reservations=['22', '22']
  [PERIODIC PICKUP] person=21  taxi=t_1  t=2200.0s
New arrivals: [], pickups: ['21'], dropoffs: []
  [PERIODIC PICKUP] person=22  taxi=t_0  t=2270.0s
New arrivals: [], pickups: ['22'], dropoffs: []
