CAPACITY OF TAXI: 10
  [INIT] Registered taxi t_0 (capacity=10)
CAPACITY OF TAXI: 10
  [INIT] Registered taxi t_1 (capacity=10)
  [NEW REQUEST] person=0  res=0  E14 → E17  direct_tt=20.2s
New arrivals: ['0'], pickups: [], dropoffs: []
  → ASSIGNED req=0 → taxi=t_0  pu_eta=38.8s  (flush pending)
  → DISPATCHED taxi=t_0 reservations=['0', '0']
  [NEW REQUEST] person=1  res=1  A3B3 → D1C1  direct_tt=44.0s
New arrivals: ['1'], pickups: [], dropoffs: []
  → ASSIGNED req=1 → taxi=t_0  pu_eta=93.0s  (flush pending)
  → DISPATCHED taxi=t_0 reservations=['0', '0', '1', '1']
  [PERIODIC PICKUP] person=0  taxi=t_0  t=70.0s
New arrivals: [], pickups: ['0'], dropoffs: []
  [DROPOFF] person=0  t=160.0s  ride_time=90.0s  excess=69.79698810263221
New arrivals: [], pickups: [], dropoffs: ['0']
  [PERIODIC PICKUP] person=1  taxi=t_0  t=180.0s
New arrivals: [], pickups: ['1'], dropoffs: []
  [NEW REQUEST] person=2  res=2  A3B3 → E12  direct_tt=26.9s
New arrivals: ['2'], pickups: [], dropoffs: []
  → ASSIGNED req=2 → taxi=t_0  pu_eta=301.6s  (flush pending)
  → DISPATCHED taxi=t_0 reservations=['1', '2', '2']
  [DROPOFF] person=1  t=360.0s  ride_time=180.0s  excess=135.95520123579135
New arrivals: [], pickups: [], dropoffs: ['1']
  [PERIODIC PICKUP] person=2  taxi=t_0  t=400.0s
New arrivals: [], pickups: ['2'], dropoffs: []
  [NEW REQUEST] person=3  res=3  B3C3 → E13  direct_tt=16.2s
New arrivals: ['3'], pickups: [], dropoffs: []
  → ASSIGNED req=3 → taxi=t_0  pu_eta=477.4s  (flush pending)
  → DISPATCHED taxi=t_0 reservations=['3', '3', '2']
  [NEW REQUEST] person=4  res=4  E17 → E12  direct_tt=19.8s
New arrivals: ['4'], pickups: [], dropoffs: []
  → ASSIGNED req=4 → taxi=t_0  pu_eta=530.1s  (flush pending)
  → DISPATCHED taxi=t_0 reservations=['3', '3', '4', '2', '4']
  [PERIODIC PICKUP] person=3  taxi=t_0  t=530.0s
New arrivals: [], pickups: ['3'], dropoffs: []
  [DROPOFF] person=3  t=610.0s  ride_time=80.0s  excess=63.824697694836345
New arrivals: [], pickups: [], dropoffs: ['3']
  [NEW REQUEST] person=5  res=5  B2C2 → E17  direct_tt=31.7s
  [PERIODIC PICKUP] person=4  taxi=t_0  t=650.0s
New arrivals: ['5'], pickups: ['4'], dropoffs: []
  → ASSIGNED req=5 → taxi=t_1  pu_eta=693.0s  (flush pending)
  → DISPATCHED taxi=t_1 reservations=['5', '5']
  [PERIODIC PICKUP] person=5  taxi=t_1  t=730.0s
New arrivals: [], pickups: ['5'], dropoffs: []
  [DROPOFF] person=2  t=740.0s  ride_time=340.0s  excess=313.1412465510572
  [DROPOFF] person=4  t=740.0s  ride_time=90.0s  excess=70.20342740960052
New arrivals: [], pickups: [], dropoffs: ['2', '4']
  [DROPOFF] person=5  t=830.0s  ride_time=100.0s  excess=68.29021990465611
New arrivals: [], pickups: [], dropoffs: ['5']
  [NEW REQUEST] person=6  res=6  B2A2 → B1A1  direct_tt=32.2s
New arrivals: ['6'], pickups: [], dropoffs: []
  → ASSIGNED req=6 → taxi=t_1  pu_eta=854.0s  (flush pending)
  → DISPATCHED taxi=t_1 reservations=['6', '6']
  [PERIODIC PICKUP] person=6  taxi=t_1  t=860.0s
New arrivals: [], pickups: ['6'], dropoffs: []
  [NEW REQUEST] person=7  res=7  C2B2 → B3A3  direct_tt=24.3s
New arrivals: ['7'], pickups: [], dropoffs: []
  → ASSIGNED req=7 → taxi=t_0  pu_eta=929.7s  (flush pending)
  → DISPATCHED taxi=t_0 reservations=['7', '7']
  [PERIODIC PICKUP] person=7  taxi=t_0  t=940.0s
New arrivals: [], pickups: ['7'], dropoffs: []
  [NEW REQUEST] person=8  res=8  E18 → A3A4  direct_tt=13.9s
New arrivals: ['8'], pickups: [], dropoffs: []
  → ASSIGNED req=8 → taxi=t_0  pu_eta=960.7s  (flush pending)
  → DISPATCHED taxi=t_0 reservations=['8', '8', '7']
  [DROPOFF] person=6  t=960.0s  ride_time=100.0s  excess=67.84786233097817
New arrivals: [], pickups: [], dropoffs: ['6']
  [NEW REQUEST] person=9  res=9  C3D3 → D1C1  direct_tt=26.9s
  [PERIODIC PICKUP] person=8  taxi=t_0  t=970.0s
New arrivals: ['9'], pickups: ['8'], dropoffs: []
  → ASSIGNED req=9 → taxi=t_0  pu_eta=1046.0s  (flush pending)
  → DISPATCHED taxi=t_0 reservations=['8', '7', '9', '9']
  [NEW REQUEST] person=10  res=10  A3A4 → C3D3  direct_tt=36.3s
New arrivals: ['10'], pickups: [], dropoffs: []
  → ASSIGNED req=10 → taxi=t_0  pu_eta=1000.0s  (flush pending)
  → DISPATCHED taxi=t_0 reservations=['8', '10', '7', '10', '9', '9']
  [NEW REQUEST] person=11  res=11  E12 → C3C2  direct_tt=20.0s
  [DROPOFF] person=8  t=1070.0s  ride_time=100.0s  excess=86.11696826645687
New arrivals: ['11'], pickups: [], dropoffs: ['8']
  → ASSIGNED req=11 → taxi=t_1  pu_eta=1100.4s  (flush pending)
  → DISPATCHED taxi=t_1 reservations=['11', '11']
  [PERIODIC PICKUP] person=10  taxi=t_0  t=1130.0s
New arrivals: [], pickups: ['10'], dropoffs: []
  [PERIODIC PICKUP] person=11  taxi=t_1  t=1150.0s
New arrivals: [], pickups: ['11'], dropoffs: []
  [DROPOFF] person=7  t=1230.0s  ride_time=290.0s  excess=265.7398665377991
New arrivals: [], pickups: [], dropoffs: ['7']
  [DROPOFF] person=11  t=1250.0s  ride_time=100.0s  excess=79.95390547327234
New arrivals: [], pickups: [], dropoffs: ['11']
  [NEW REQUEST] person=12  res=12  A2A3 → E16  direct_tt=16.3s
New arrivals: ['12'], pickups: [], dropoffs: []
  → ASSIGNED req=12 → taxi=t_1  pu_eta=1298.4s  (flush pending)
  → DISPATCHED taxi=t_1 reservations=['12', '12']
  [NEW REQUEST] person=13  res=13  D4D3 → C2D2  direct_tt=33.4s
New arrivals: ['13'], pickups: [], dropoffs: []
  → ASSIGNED req=13 → taxi=t_0  pu_eta=1331.1s  (flush pending)
  → DISPATCHED taxi=t_0 reservations=['10', '13', '9', '9', '13']
  [PERIODIC PICKUP] person=12  taxi=t_1  t=1330.0s
New arrivals: [], pickups: ['12'], dropoffs: []
  [DROPOFF] person=10  t=1370.0s  ride_time=240.0s  excess=203.6787345622171
New arrivals: [], pickups: [], dropoffs: ['10']
  [DROPOFF] person=12  t=1410.0s  ride_time=80.0s  excess=63.73060199203687
New arrivals: [], pickups: [], dropoffs: ['12']
  [PERIODIC PICKUP] person=13  taxi=t_0  t=1420.0s
New arrivals: [], pickups: ['13'], dropoffs: []
  [PERIODIC PICKUP] person=9  taxi=t_0  t=1440.0s
New arrivals: [], pickups: ['9'], dropoffs: []
  [NEW REQUEST] person=14  res=14  A1B1 → B2B3  direct_tt=22.4s
New arrivals: ['14'], pickups: [], dropoffs: []
  → ASSIGNED req=14 → taxi=t_1  pu_eta=1543.1s  (flush pending)
  → DISPATCHED taxi=t_1 reservations=['14', '14']
  [NEW REQUEST] person=15  res=15  C3C2 → B3B2  direct_tt=34.2s
New arrivals: ['15'], pickups: [], dropoffs: []
  → ASSIGNED req=15 → taxi=t_0  pu_eta=1581.6s  (flush pending)
  → DISPATCHED taxi=t_0 reservations=['15', '15', '9', '13']
  [PERIODIC PICKUP] person=14  taxi=t_1  t=1550.0s
New arrivals: [], pickups: ['14'], dropoffs: []
  [NEW REQUEST] person=16  res=16  E16 → B1C1  direct_tt=26.3s
New arrivals: ['16'], pickups: [], dropoffs: []
  → ASSIGNED req=16 → taxi=t_1  pu_eta=1577.8s  (flush pending)
  → DISPATCHED taxi=t_1 reservations=['16', '16', '14']
  [PERIODIC PICKUP] person=15  taxi=t_0  t=1580.0s
New arrivals: [], pickups: ['15'], dropoffs: []
  [NEW REQUEST] person=17  res=17  E13 → A1A2  direct_tt=27.7s
  [PERIODIC PICKUP] person=16  taxi=t_1  t=1590.0s
New arrivals: ['17'], pickups: ['16'], dropoffs: []
  → ASSIGNED req=17 → taxi=t_1  pu_eta=1667.3s  (flush pending)
  → DISPATCHED taxi=t_1 reservations=['16', '14', '17', '17']
  [NEW REQUEST] person=18  res=18  C3B3 → D1C1  direct_tt=47.9s
New arrivals: ['18'], pickups: [], dropoffs: []
  → ASSIGNED req=18 → taxi=t_1  pu_eta=1795.5s  (flush pending)
  → DISPATCHED taxi=t_1 reservations=['16', '14', '17', '17', '18', '18']
  [DROPOFF] person=15  t=1690.0s  ride_time=110.0s  excess=75.77912519466992
New arrivals: [], pickups: [], dropoffs: ['15']
  [NEW REQUEST] person=19  res=19  C3B3 → D3D4  direct_tt=34.1s
New arrivals: ['19'], pickups: [], dropoffs: []
  → ASSIGNED req=19 → taxi=t_1  pu_eta=1815.8s  (flush pending)
  → DISPATCHED taxi=t_1 reservations=['16', '14', '17', '19', '17', '18', '19', '18']
  [DROPOFF] person=16  t=1810.0s  ride_time=220.0s  excess=193.72011229178398
New arrivals: [], pickups: [], dropoffs: ['16']
  [DROPOFF] person=9  t=1840.0s  ride_time=400.0s  excess=373.0701552610283
New arrivals: [], pickups: [], dropoffs: ['9']
  [DROPOFF] person=14  t=1900.0s  ride_time=350.0s  excess=327.5586753059755
New arrivals: [], pickups: [], dropoffs: ['14']
  [DROPOFF] person=13  t=1930.0s  ride_time=510.0s  excess=476.6192508316586
New arrivals: [], pickups: [], dropoffs: ['13']
  [PERIODIC PICKUP] person=17  taxi=t_1  t=1960.0s
New arrivals: [], pickups: ['17'], dropoffs: []
  [PERIODIC PICKUP] person=19  taxi=t_1  t=1990.0s
New arrivals: [], pickups: ['19'], dropoffs: []
  [DROPOFF] person=17  t=2120.0s  ride_time=160.0s  excess=132.2660849525066
New arrivals: [], pickups: [], dropoffs: ['17']
  [NEW REQUEST] person=21  res=20  B2A2 → E14  direct_tt=31.5s
New arrivals: ['21'], pickups: [], dropoffs: []
  → ASSIGNED req=20 → taxi=t_0  pu_eta=2194.8s  (flush pending)
  → DISPATCHED taxi=t_0 reservations=['20', '20']
  [PERIODIC PICKUP] person=18  taxi=t_1  t=2170.0s
New arrivals: [], pickups: ['18'], dropoffs: []
  [NEW REQUEST] person=22  res=21  B3C3 → A4A3  direct_tt=38.4s
New arrivals: ['22'], pickups: [], dropoffs: []
  → ASSIGNED req=21 → taxi=t_1  pu_eta=2190.0s  (flush pending)
  → DISPATCHED taxi=t_1 reservations=['21', '19', '21', '18']
  [PERIODIC PICKUP] person=21  taxi=t_0  t=2230.0s
  [PERIODIC PICKUP] person=22  taxi=t_1  t=2230.0s
New arrivals: [], pickups: ['21', '22'], dropoffs: []
  [DROPOFF] person=19  t=2320.0s  ride_time=330.0s  excess=295.9127542867885
New arrivals: [], pickups: [], dropoffs: ['19']
  [DROPOFF] person=21  t=2380.0s  ride_time=150.0s  excess=118.45517870781677
New arrivals: [], pickups: [], dropoffs: ['21']
  [NEW REQUEST] person=23  res=22  C3B3 → D1C1  direct_tt=47.3s
New arrivals: ['23'], pickups: [], dropoffs: []
  → ASSIGNED req=22 → taxi=t_0  pu_eta=2420.5s  (flush pending)
  → DISPATCHED taxi=t_0 reservations=['22', '22']
  [DROPOFF] person=22  t=2440.0s  ride_time=210.0s  excess=171.58220497605393
  [PERIODIC PICKUP] person=23  taxi=t_0  t=2440.0s
New arrivals: [], pickups: ['23'], dropoffs: ['22']
  [NEW REQUEST] person=24  res=23  D2D1 → B1B2  direct_tt=26.9s
New arrivals: ['24'], pickups: [], dropoffs: []
  → ASSIGNED req=23 → taxi=t_0  pu_eta=2501.8s  (flush pending)
  → DISPATCHED taxi=t_0 reservations=['23', '23', '22']
  [NEW REQUEST] person=25  res=24  A3A2 → E15  direct_tt=27.7s
New arrivals: ['25'], pickups: [], dropoffs: []
  → ASSIGNED req=24 → taxi=t_1  pu_eta=2566.5s  (flush pending)
  → DISPATCHED taxi=t_1 reservations=['18', '24', '24']
  [PERIODIC PICKUP] person=24  taxi=t_0  t=2530.0s
New arrivals: [], pickups: ['24'], dropoffs: []
  [NEW REQUEST] person=26  res=25  A2A3 → C4B4  direct_tt=39.0s
New arrivals: ['26'], pickups: [], dropoffs: []
  → ASSIGNED req=25 → taxi=t_0  pu_eta=2641.9s  (flush pending)
  → DISPATCHED taxi=t_0 reservations=['23', '22', '25', '25']
  [DROPOFF] person=18  t=2610.0s  ride_time=440.0s  excess=392.0509395263924
New arrivals: [], pickups: [], dropoffs: ['18']
  [DROPOFF] person=24  t=2640.0s  ride_time=110.0s  excess=83.07015526102825
New arrivals: [], pickups: [], dropoffs: ['24']
  [PERIODIC PICKUP] person=25  taxi=t_1  t=2660.0s
New arrivals: [], pickups: ['25'], dropoffs: []
  [DROPOFF] person=23  t=2740.0s  ride_time=300.0s  excess=252.65244568035013
New arrivals: [], pickups: [], dropoffs: ['23']
  [NEW REQUEST] person=27  res=26  D2D3 → B3B2  direct_tt=33.7s
New arrivals: ['27'], pickups: [], dropoffs: []
  → ASSIGNED req=26 → taxi=t_0  pu_eta=2853.5s  (flush pending)
  → DISPATCHED taxi=t_0 reservations=['25', '26', '26', '25']
  [DROPOFF] person=25  t=2830.0s  ride_time=170.0s  excess=142.29098813353673
  [PERIODIC PICKUP] person=26  taxi=t_0  t=2830.0s
New arrivals: [], pickups: ['26'], dropoffs: ['25']
  [NEW REQUEST] person=28  res=27  B2A2 → C1B1  direct_tt=40.9s
New arrivals: ['28'], pickups: [], dropoffs: []
  → ASSIGNED req=27 → taxi=t_1  pu_eta=2866.8s  (flush pending)
  → DISPATCHED taxi=t_1 reservations=['27', '27']
  [NEW REQUEST] person=29  res=28  B2A2 → C1D1  direct_tt=36.6s
New arrivals: ['29'], pickups: [], dropoffs: []
  → ASSIGNED req=28 → taxi=t_1  pu_eta=2946.2s  (flush pending)
  → DISPATCHED taxi=t_1 reservations=['27', '27', '28', '28']
  [PERIODIC PICKUP] person=28  taxi=t_1  t=2890.0s
New arrivals: [], pickups: ['28'], dropoffs: []
  [PERIODIC PICKUP] person=27  taxi=t_0  t=2940.0s
New arrivals: [], pickups: ['27'], dropoffs: []
  [DROPOFF] person=28  t=3030.0s  ride_time=140.0s  excess=99.05506370372306
New arrivals: [], pickups: [], dropoffs: ['28']
  [NEW REQUEST] person=30  res=29  D2C2 → A3B3  direct_tt=37.6s
  [PERIODIC PICKUP] person=29  taxi=t_1  t=3070.0s
New arrivals: ['30'], pickups: ['29'], dropoffs: []
  → ASSIGNED req=29 → taxi=t_0  pu_eta=3107.3s  (flush pending)
  → DISPATCHED taxi=t_0 reservations=['29', '26', '29', '25']
  [PERIODIC PICKUP] person=30  taxi=t_0  t=3120.0s
New arrivals: [], pickups: ['30'], dropoffs: []
  [NEW REQUEST] person=31  res=30  A4A3 → B3B2  direct_tt=23.7s
New arrivals: ['31'], pickups: [], dropoffs: []
  → ASSIGNED req=30 → taxi=t_1  pu_eta=3231.0s  (flush pending)
  → DISPATCHED taxi=t_1 reservations=['28', '30', '30']
  [NEW REQUEST] person=32  res=31  C2D2 → C3C2  direct_tt=32.5s
New arrivals: ['32'], pickups: [], dropoffs: []
  → ASSIGNED req=31 → taxi=t_1  pu_eta=3217.0s  (flush pending)
  → DISPATCHED taxi=t_1 reservations=['31', '28', '30', '30', '31']
  [PERIODIC PICKUP] person=32  taxi=t_1  t=3220.0s
New arrivals: [], pickups: ['32'], dropoffs: []
  [DROPOFF] person=27  t=3240.0s  ride_time=300.0s  excess=266.2992637142877
New arrivals: [], pickups: [], dropoffs: ['27']
  [NEW REQUEST] person=33  res=32  D4D3 → B4B3  direct_tt=37.2s
New arrivals: ['33'], pickups: [], dropoffs: []
  → ASSIGNED req=32 → taxi=t_1  pu_eta=3413.3s  (flush pending)
  → DISPATCHED taxi=t_1 reservations=['28', '30', '30', '31', '32', '32']
  [NEW REQUEST] person=34  res=33  E15 → D4D3  direct_tt=27.7s
New arrivals: ['34'], pickups: [], dropoffs: []
  → ASSIGNED req=33 → taxi=t_0  pu_eta=3354.8s  (flush pending)
  → DISPATCHED taxi=t_0 reservations=['29', '25', '33', '33']
  [DROPOFF] person=29  t=3320.0s  ride_time=250.0s  excess=213.36847146091128
New arrivals: [], pickups: [], dropoffs: ['29']
  [NEW REQUEST] person=35  res=34  A2B2 → B1C1  direct_tt=20.6s
New arrivals: ['35'], pickups: [], dropoffs: []
  → ASSIGNED req=34 → taxi=t_1  pu_eta=3403.5s  (flush pending)
  → DISPATCHED taxi=t_1 reservations=['30', '34', '30', '31', '34', '32', '32']
  [DROPOFF] person=30  t=3380.0s  ride_time=260.0s  excess=222.43537454026418
  [PERIODIC PICKUP] person=31  taxi=t_1  t=3380.0s
New arrivals: [], pickups: ['31'], dropoffs: ['30']
  [PERIODIC PICKUP] person=35  taxi=t_1  t=3440.0s
New arrivals: [], pickups: ['35'], dropoffs: []
  [DROPOFF] person=26  t=3470.0s  ride_time=640.0s  excess=600.978375934351
New arrivals: [], pickups: [], dropoffs: ['26']
  [PERIODIC PICKUP] person=34  taxi=t_0  t=3530.0s
New arrivals: [], pickups: ['34'], dropoffs: []
  [DROPOFF] person=31  t=3560.0s  ride_time=180.0s  excess=156.27751991767627
New arrivals: [], pickups: [], dropoffs: ['31']
  [NEW REQUEST] person=36  res=35  C3B3 → C2D2  direct_tt=36.8s
New arrivals: ['36'], pickups: [], dropoffs: []
  → ASSIGNED req=35 → taxi=t_1  pu_eta=3674.0s  (flush pending)
  → DISPATCHED taxi=t_1 reservations=['31', '34', '35', '32', '32', '35']
  [DROPOFF] person=34  t=3690.0s  ride_time=160.0s  excess=132.2660849525066
New arrivals: [], pickups: [], dropoffs: ['34']
  [DROPOFF] person=32  t=3710.0s  ride_time=490.0s  excess=457.5251595566372
New arrivals: [], pickups: [], dropoffs: ['32']
  [NEW REQUEST] person=37  res=36  B4A4 → D1D2  direct_tt=59.9s
New arrivals: ['37'], pickups: [], dropoffs: []
  → ASSIGNED req=36 → taxi=t_1  pu_eta=3846.4s  (flush pending)
  → DISPATCHED taxi=t_1 reservations=['34', '35', '36', '36', '32', '32', '35']
  [DROPOFF] person=35  t=3860.0s  ride_time=420.0s  excess=399.41743886295546
New arrivals: [], pickups: [], dropoffs: ['35']
  [PERIODIC PICKUP] person=36  taxi=t_1  t=3900.0s
New arrivals: [], pickups: ['36'], dropoffs: []
  [PERIODIC PICKUP] person=37  taxi=t_1  t=3930.0s
New arrivals: [], pickups: ['37'], dropoffs: []
  [NEW REQUEST] person=38  res=37  E18 → B1B2  direct_tt=27.3s
New arrivals: ['38'], pickups: [], dropoffs: []
  → ASSIGNED req=37 → taxi=t_0  pu_eta=3993.8s  (flush pending)
  → DISPATCHED taxi=t_0 reservations=['37', '37']
  [PERIODIC PICKUP] person=38  taxi=t_0  t=4030.0s
New arrivals: [], pickups: ['38'], dropoffs: []
  [NEW REQUEST] person=39  res=38  B4A4 → A3A4  direct_tt=26.9s
New arrivals: ['39'], pickups: [], dropoffs: []
  → ASSIGNED req=38 → taxi=t_0  pu_eta=4096.6s  (flush pending)
  → DISPATCHED taxi=t_0 reservations=['38', '38', '37']
  [DROPOFF] person=37  t=4090.0s  ride_time=160.0s  excess=100.08680869981028
New arrivals: [], pickups: [], dropoffs: ['37']
  [NEW REQUEST] person=40  res=39  C3D3 → E11  direct_tt=21.7s
New arrivals: ['40'], pickups: [], dropoffs: []
  → ASSIGNED req=39 → taxi=t_0  pu_eta=4256.7s  (flush pending)
  → DISPATCHED taxi=t_0 reservations=['38', '38', '37', '39', '39']
  [PERIODIC PICKUP] person=33  taxi=t_1  t=4160.0s
New arrivals: [], pickups: ['33'], dropoffs: []
  [PERIODIC PICKUP] person=39  taxi=t_0  t=4170.0s
New arrivals: [], pickups: ['39'], dropoffs: []
  [DROPOFF] person=33  t=4310.0s  ride_time=150.0s  excess=112.78844144081377
  [DROPOFF] person=39  t=4310.0s  ride_time=140.0s  excess=113.11063831219656
New arrivals: [], pickups: [], dropoffs: ['33', '39']
  [NEW REQUEST] person=41  res=40  C1C2 → E18  direct_tt=28.3s
New arrivals: ['41'], pickups: [], dropoffs: []
  → ASSIGNED req=40 → taxi=t_0  pu_eta=4390.8s  (flush pending)
  → DISPATCHED taxi=t_0 reservations=['37', '40', '39', '39', '40']
  [NEW REQUEST] person=42  res=41  D1C1 → B4B3  direct_tt=47.9s
New arrivals: ['42'], pickups: [], dropoffs: []
  → ASSIGNED req=41 → taxi=t_1  pu_eta=4379.8s  (flush pending)
  → DISPATCHED taxi=t_1 reservations=['35', '41', '41']
  [DROPOFF] person=36  t=4430.0s  ride_time=530.0s  excess=493.246383542162
New arrivals: [], pickups: [], dropoffs: ['36']
  [NEW REQUEST] person=43  res=42  E12 → B2B1  direct_tt=19.3s
New arrivals: ['43'], pickups: [], dropoffs: []
  → ASSIGNED req=42 → taxi=t_0  pu_eta=4456.4s  (flush pending)
  → DISPATCHED taxi=t_0 reservations=['42', '37', '40', '39', '42', '39', '40']
  [PERIODIC PICKUP] person=43  taxi=t_0  t=4460.0s
New arrivals: [], pickups: ['43'], dropoffs: []
  [NEW REQUEST] person=44  res=43  B4C4 → B2C2  direct_tt=40.8s
New arrivals: ['44'], pickups: [], dropoffs: []
  → ASSIGNED req=43 → taxi=t_1  pu_eta=4543.3s  (flush pending)
  → DISPATCHED taxi=t_1 reservations=['41', '41', '43', '43']
  [PERIODIC PICKUP] person=42  taxi=t_1  t=4480.0s
New arrivals: [], pickups: ['42'], dropoffs: []
  [DROPOFF] person=38  t=4560.0s  ride_time=530.0s  excess=502.7184049498807
New arrivals: [], pickups: [], dropoffs: ['38']
  [PERIODIC PICKUP] person=41  taxi=t_0  t=4650.0s
New arrivals: [], pickups: ['41'], dropoffs: []
  [DROPOFF] person=42  t=4670.0s  ride_time=190.0s  excess=142.09861152220623
New arrivals: [], pickups: [], dropoffs: ['42']
  [NEW REQUEST] person=45  res=44  A3A4 → D3D4  direct_tt=44.4s
  [PERIODIC PICKUP] person=40  taxi=t_0  t=4690.0s
New arrivals: ['45'], pickups: ['40'], dropoffs: []
  → ASSIGNED req=44 → taxi=t_1  pu_eta=4740.0s  (flush pending)
  → DISPATCHED taxi=t_1 reservations=['43', '44', '43', '44']
  [PERIODIC PICKUP] person=44  taxi=t_1  t=4740.0s
New arrivals: [], pickups: ['44'], dropoffs: []
  [DROPOFF] person=43  t=4830.0s  ride_time=370.0s  excess=350.6757165172139
  [PERIODIC PICKUP] person=45  taxi=t_1  t=4830.0s
New arrivals: [], pickups: ['45'], dropoffs: ['43']
  [NEW REQUEST] person=46  res=45  B4A4 → E18  direct_tt=30.1s
New arrivals: ['46'], pickups: [], dropoffs: []
  → ASSIGNED req=45 → taxi=t_0  pu_eta=4919.0s  (flush pending)
  → DISPATCHED taxi=t_0 reservations=['39', '40', '45', '45']
  [DROPOFF] person=44  t=4940.0s  ride_time=200.0s  excess=159.23272866974457
New arrivals: [], pickups: [], dropoffs: ['44']
  [DROPOFF] person=40  t=4950.0s  ride_time=260.0s  excess=238.28808146961146
New arrivals: [], pickups: [], dropoffs: ['40']
  [NEW REQUEST] person=47  res=46  E16 → D4D3  direct_tt=29.3s
New arrivals: ['47'], pickups: [], dropoffs: []
  → ASSIGNED req=46 → taxi=t_1  pu_eta=5016.8s  (flush pending)
  → DISPATCHED taxi=t_1 reservations=['44', '46', '46']
  [NEW REQUEST] person=48  res=47  A1B1 → A2B2  direct_tt=32.0s
  [DROPOFF] person=41  t=5030.0s  ride_time=380.0s  excess=351.6670348282422
New arrivals: ['48'], pickups: [], dropoffs: ['41']
  → ASSIGNED req=47 → taxi=t_0  pu_eta=5109.4s  (flush pending)
  → DISPATCHED taxi=t_0 reservations=['45', '45', '47', '47']
  [NEW REQUEST] person=49  res=48  D2C2 → B3B2  direct_tt=34.9s
New arrivals: ['49'], pickups: [], dropoffs: []
  → ASSIGNED req=48 → taxi=t_1  pu_eta=5135.3s  (flush pending)
  → DISPATCHED taxi=t_1 reservations=['44', '46', '46', '48', '48']
  [NEW REQUEST] person=50  res=49  C1B1 → A2A1  direct_tt=30.2s
New arrivals: ['50'], pickups: [], dropoffs: []
  → ASSIGNED req=49 → taxi=t_0  pu_eta=5214.7s  (flush pending)
  → DISPATCHED taxi=t_0 reservations=['45', '45', '47', '47', '49', '49']
  [NEW REQUEST] person=51  res=50  B4A4 → A3A2  direct_tt=21.4s
  [PERIODIC PICKUP] person=46  taxi=t_0  t=5100.0s
New arrivals: ['51'], pickups: ['46'], dropoffs: []
  → ASSIGNED req=50 → taxi=t_0  pu_eta=5100.0s  (flush pending)
  → DISPATCHED taxi=t_0 reservations=['50', '45', '47', '47', '49', '50', '49']
  [DROPOFF] person=45  t=5120.0s  ride_time=290.0s  excess=245.61274385418903
New arrivals: [], pickups: [], dropoffs: ['45']
  [NEW REQUEST] person=52  res=51  C1C2 → B3B4  direct_tt=34.0s
New arrivals: ['52'], pickups: [], dropoffs: []
  → ASSIGNED req=51 → taxi=t_0  pu_eta=5249.0s  (flush pending)
  → DISPATCHED taxi=t_0 reservations=['50', '45', '47', '51', '47', '49', '50', '49', '51']
  [NEW REQUEST] person=53  res=52  B2C2 → C2C1  direct_tt=14.0s
New arrivals: ['53'], pickups: [], dropoffs: []
  → ASSIGNED req=52 → taxi=t_1  pu_eta=5254.9s  (flush pending)
  → DISPATCHED taxi=t_1 reservations=['46', '46', '48', '48', '52', '52']
  [PERIODIC PICKUP] person=47  taxi=t_1  t=5160.0s
New arrivals: [], pickups: ['47'], dropoffs: []
  [PERIODIC PICKUP] person=51  taxi=t_0  t=5190.0s
New arrivals: [], pickups: ['51'], dropoffs: []
  [DROPOFF] person=47  t=5280.0s  ride_time=120.0s  excess=90.67406372679206
New arrivals: [], pickups: [], dropoffs: ['47']
  [DROPOFF] person=46  t=5310.0s  ride_time=210.0s  excess=179.94507706028097
New arrivals: [], pickups: [], dropoffs: ['46']
  [PERIODIC PICKUP] person=49  taxi=t_1  t=5330.0s
New arrivals: [], pickups: ['49'], dropoffs: []
  [NEW REQUEST] person=54  res=53  A3A4 → A4B4  direct_tt=12.6s
New arrivals: ['54'], pickups: [], dropoffs: []
  → ASSIGNED req=53 → taxi=t_1  pu_eta=5437.0s  (flush pending)
  → DISPATCHED taxi=t_1 reservations=['48', '52', '52', '53', '53']
  [PERIODIC PICKUP] person=48  taxi=t_0  t=5420.0s
New arrivals: [], pickups: ['48'], dropoffs: []
  [DROPOFF] person=49  t=5440.0s  ride_time=110.0s  excess=75.11340481878486
  [PERIODIC PICKUP] person=52  taxi=t_0  t=5440.0s
New arrivals: [], pickups: ['52'], dropoffs: ['49']
  [PERIODIC PICKUP] person=53  taxi=t_1  t=5450.0s
New arrivals: [], pickups: ['53'], dropoffs: []
  [DROPOFF] person=53  t=5530.0s  ride_time=80.0s  excess=65.97454740206149
New arrivals: [], pickups: [], dropoffs: ['53']
  [NEW REQUEST] person=55  res=54  C4C3 → C2C3  direct_tt=26.0s
  [DROPOFF] person=48  t=5550.0s  ride_time=130.0s  excess=98.00020644597456
New arrivals: ['55'], pickups: [], dropoffs: ['48']
  → ASSIGNED req=54 → taxi=t_1  pu_eta=5617.6s  (flush pending)
  → DISPATCHED taxi=t_1 reservations=['53', '53', '54', '54']
  [PERIODIC PICKUP] person=50  taxi=t_0  t=5570.0s
New arrivals: [], pickups: ['50'], dropoffs: []
  [NEW REQUEST] person=56  res=55  C1D1 → B4A4  direct_tt=51.7s
  [PERIODIC PICKUP] person=54  taxi=t_1  t=5620.0s
New arrivals: ['56'], pickups: ['54'], dropoffs: []
  → ASSIGNED req=55 → taxi=t_1  pu_eta=5672.2s  (flush pending)
  → DISPATCHED taxi=t_1 reservations=['55', '55', '53', '54', '54']
  [NEW REQUEST] person=57  res=56  D2D1 → E14  direct_tt=24.7s
  [DROPOFF] person=51  t=5690.0s  ride_time=500.0s  excess=478.55307650961555
New arrivals: ['57'], pickups: [], dropoffs: ['51']
  → ASSIGNED req=56 → taxi=t_1  pu_eta=5869.7s  (flush pending)
  → DISPATCHED taxi=t_1 reservations=['55', '55', '53', '54', '54', '56', '56']
  [DROPOFF] person=50  t=5760.0s  ride_time=190.0s  excess=159.83788522724632
New arrivals: [], pickups: [], dropoffs: ['50']
  [PERIODIC PICKUP] person=56  taxi=t_1  t=5770.0s
New arrivals: [], pickups: ['56'], dropoffs: []
  [NEW REQUEST] person=58  res=57  B3B4 → D2D1  direct_tt=41.7s
  [DROPOFF] person=52  t=5870.0s  ride_time=430.0s  excess=396.00321068716494
New arrivals: ['58'], pickups: [], dropoffs: ['52']
  → ASSIGNED req=57 → taxi=t_0  pu_eta=5870.0s  (flush pending)
  → DISPATCHED taxi=t_0 reservations=['57', '57']
  [PERIODIC PICKUP] person=58  taxi=t_0  t=5920.0s
New arrivals: [], pickups: ['58'], dropoffs: []
  [DROPOFF] person=56  t=5940.0s  ride_time=170.0s  excess=118.31001707589024
New arrivals: [], pickups: [], dropoffs: ['56']
  [DROPOFF] person=54  t=6040.0s  ride_time=420.0s  excess=407.35861992579055
New arrivals: [], pickups: [], dropoffs: ['54']
  [DROPOFF] person=58  t=6050.0s  ride_time=130.0s  excess=88.34327120560087
New arrivals: [], pickups: [], dropoffs: ['58']
  [NEW REQUEST] person=59  res=58  E14 → A4B4  direct_tt=35.2s
  [PERIODIC PICKUP] person=55  taxi=t_1  t=6060.0s
New arrivals: ['59'], pickups: ['55'], dropoffs: []
  → ASSIGNED req=58 → taxi=t_0  pu_eta=6084.8s  (flush pending)
  → DISPATCHED taxi=t_0 reservations=['58', '58']
  [PERIODIC PICKUP] person=59  taxi=t_0  t=6090.0s
New arrivals: [], pickups: ['59'], dropoffs: []
  [NEW REQUEST] person=60  res=59  E14 → E16  direct_tt=15.5s
New arrivals: ['60'], pickups: [], dropoffs: []
  → ASSIGNED req=59 → taxi=t_0  pu_eta=6172.5s  (flush pending)
  → DISPATCHED taxi=t_0 reservations=['58', '59', '59']
  [DROPOFF] person=55  t=6150.0s  ride_time=90.0s  excess=63.99773578020728
New arrivals: [], pickups: [], dropoffs: ['55']
  [DROPOFF] person=59  t=6210.0s  ride_time=120.0s  excess=84.81736175455819
New arrivals: [], pickups: [], dropoffs: ['59']
  [PERIODIC PICKUP] person=57  taxi=t_1  t=6220.0s
New arrivals: [], pickups: ['57'], dropoffs: []
  [PERIODIC PICKUP] person=60  taxi=t_0  t=6250.0s
New arrivals: [], pickups: ['60'], dropoffs: []
  [NEW REQUEST] person=61  res=60  D1D2 → C4D4  direct_tt=36.9s
  [DROPOFF] person=57  t=6320.0s  ride_time=100.0s  excess=75.25364340715139
New arrivals: ['61'], pickups: [], dropoffs: ['57']
  → ASSIGNED req=60 → taxi=t_0  pu_eta=6359.8s  (flush pending)
  → DISPATCHED taxi=t_0 reservations=['59', '60', '60']
  [DROPOFF] person=60  t=6390.0s  ride_time=140.0s  excess=124.53019933713895
New arrivals: [], pickups: [], dropoffs: ['60']
  [PERIODIC PICKUP] person=61  taxi=t_0  t=6470.0s
New arrivals: [], pickups: ['61'], dropoffs: []
  [NEW REQUEST] person=62  res=61  B3C3 → D4D3  direct_tt=29.9s
New arrivals: ['62'], pickups: [], dropoffs: []
  → ASSIGNED req=61 → taxi=t_1  pu_eta=6562.7s  (flush pending)
  → DISPATCHED taxi=t_1 reservations=['61', '61']
  [PERIODIC PICKUP] person=62  taxi=t_1  t=6570.0s
New arrivals: [], pickups: ['62'], dropoffs: []
  [NEW REQUEST] person=63  res=62  B3B2 → B3B4  direct_tt=38.4s
  [DROPOFF] person=61  t=6610.0s  ride_time=140.0s  excess=103.05302027450708
New arrivals: ['63'], pickups: [], dropoffs: ['61']
  → ASSIGNED req=62 → taxi=t_1  pu_eta=6672.2s  (flush pending)
  → DISPATCHED taxi=t_1 reservations=['61', '62', '62']
  [NEW REQUEST] person=64  res=63  C1C2 → A2A3  direct_tt=31.5s
New arrivals: ['64'], pickups: [], dropoffs: []
  → ASSIGNED req=63 → taxi=t_0  pu_eta=6721.3s  (flush pending)
  → DISPATCHED taxi=t_0 reservations=['63', '63']
  [DROPOFF] person=62  t=6720.0s  ride_time=150.0s  excess=120.14211808827793
New arrivals: [], pickups: [], dropoffs: ['62']
  [PERIODIC PICKUP] person=64  taxi=t_0  t=6730.0s
New arrivals: [], pickups: ['64'], dropoffs: []
  [PERIODIC PICKUP] person=63  taxi=t_1  t=6750.0s
New arrivals: [], pickups: ['63'], dropoffs: []
  [NEW REQUEST] person=65  res=64  E12 → B1C1  direct_tt=26.8s
New arrivals: ['65'], pickups: [], dropoffs: []
  → ASSIGNED req=64 → taxi=t_0  pu_eta=6788.5s  (flush pending)
  → DISPATCHED taxi=t_0 reservations=['64', '63', '64']
  [PERIODIC PICKUP] person=65  taxi=t_0  t=6820.0s
New arrivals: [], pickups: ['65'], dropoffs: []
  [DROPOFF] person=63  t=6900.0s  ride_time=150.0s  excess=111.56297992682788
New arrivals: [], pickups: [], dropoffs: ['63']
  [DROPOFF] person=64  t=6920.0s  ride_time=190.0s  excess=158.46288375482527
New arrivals: [], pickups: [], dropoffs: ['64']
  [NEW REQUEST] person=66  res=65  C2C3 → C1C2  direct_tt=39.5s
New arrivals: ['66'], pickups: [], dropoffs: []
  → ASSIGNED req=65 → taxi=t_1  pu_eta=6980.3s  (flush pending)
  → DISPATCHED taxi=t_1 reservations=['65', '65']
  [NEW REQUEST] person=67  res=66  B2A2 → B2B1  direct_tt=25.7s
New arrivals: ['67'], pickups: [], dropoffs: []
  → ASSIGNED req=66 → taxi=t_0  pu_eta=7008.1s  (flush pending)
  → DISPATCHED taxi=t_0 reservations=['64', '66', '66']
  [NEW REQUEST] person=68  res=67  A4A3 → C3D3  direct_tt=32.5s
New arrivals: ['68'], pickups: [], dropoffs: []
  → ASSIGNED req=67 → taxi=t_0  pu_eta=7035.6s  (flush pending)
  → DISPATCHED taxi=t_0 reservations=['64', '67', '67', '66', '66']
  [NEW REQUEST] person=69  res=68  D3C3 → B3C3  direct_tt=26.0s
  [PERIODIC PICKUP] person=66  taxi=t_1  t=7050.0s
New arrivals: ['69'], pickups: ['66'], dropoffs: []
  → ASSIGNED req=68 → taxi=t_1  pu_eta=7074.8s  (flush pending)
  → DISPATCHED taxi=t_1 reservations=['68', '65', '68']
  [DROPOFF] person=65  t=7060.0s  ride_time=240.0s  excess=213.2019520874456
New arrivals: [], pickups: [], dropoffs: ['65']
  [PERIODIC PICKUP] person=69  taxi=t_1  t=7120.0s
New arrivals: [], pickups: ['69'], dropoffs: []
  [NEW REQUEST] person=70  res=69  D3D2 → C4D4  direct_tt=36.5s
New arrivals: ['70'], pickups: [], dropoffs: []
  → ASSIGNED req=69 → taxi=t_1  pu_eta=7219.8s  (flush pending)
  → DISPATCHED taxi=t_1 reservations=['65', '68', '69', '69']
  [PERIODIC PICKUP] person=68  taxi=t_0  t=7220.0s
New arrivals: [], pickups: ['68'], dropoffs: []
  [DROPOFF] person=66  t=7260.0s  ride_time=210.0s  excess=170.49618831625247
New arrivals: [], pickups: [], dropoffs: ['66']
  [NEW REQUEST] person=71  res=70  E14 → C1D1  direct_tt=16.2s
New arrivals: ['71'], pickups: [], dropoffs: []
  → ASSIGNED req=70 → taxi=t_0  pu_eta=7333.4s  (flush pending)
  → DISPATCHED taxi=t_0 reservations=['70', '67', '66', '66', '70']
  [NEW REQUEST] person=72  res=71  B2A2 → B4A4  direct_tt=39.2s
New arrivals: ['72'], pickups: [], dropoffs: []
  → ASSIGNED req=71 → taxi=t_0  pu_eta=7412.7s  (flush pending)
  → DISPATCHED taxi=t_0 reservations=['70', '67', '66', '71', '71', '66', '70']
  [NEW REQUEST] person=73  res=72  A3A4 → A1A2  direct_tt=50.9s
  [DROPOFF] person=69  t=7360.0s  ride_time=240.0s  excess=213.9990596788416
  [PERIODIC PICKUP] person=71  taxi=t_0  t=7360.0s
New arrivals: ['73'], pickups: ['71'], dropoffs: ['69']
  → ASSIGNED req=72 → taxi=t_0  pu_eta=7388.3s  (flush pending)
  → DISPATCHED taxi=t_0 reservations=['72', '72', '67', '66', '71', '71', '66', '70']
  [PERIODIC PICKUP] person=70  taxi=t_1  t=7380.0s
New arrivals: [], pickups: ['70'], dropoffs: []
  [NEW REQUEST] person=74  res=73  C1B1 → C1C2  direct_tt=27.0s
  [PERIODIC PICKUP] person=73  taxi=t_0  t=7390.0s
New arrivals: ['74'], pickups: ['73'], dropoffs: []
  → ASSIGNED req=73 → taxi=t_0  pu_eta=7476.6s  (flush pending)
  → DISPATCHED taxi=t_0 reservations=['72', '73', '67', '66', '71', '71', '66', '70', '73']
  [NEW REQUEST] person=75  res=74  E15 → D3D2  direct_tt=26.3s
New arrivals: ['75'], pickups: [], dropoffs: []
  → ASSIGNED req=74 → taxi=t_0  pu_eta=7536.4s  (flush pending)
  → DISPATCHED taxi=t_0 reservations=['72', '73', '74', '67', '66', '74', '71', '71', '66', '70', '73']
  [DROPOFF] person=70  t=7510.0s  ride_time=130.0s  excess=93.4742511934596
New arrivals: [], pickups: [], dropoffs: ['70']
  [NEW REQUEST] person=76  res=75  C2D2 → D1D2  direct_tt=30.3s
New arrivals: ['76'], pickups: [], dropoffs: []
  → ASSIGNED req=75 → taxi=t_0  pu_eta=7618.8s  (flush pending)
  → DISPATCHED taxi=t_0 reservations=['72', '73', '74', '75', '67', '66', '75', '74', '71', '71', '66', '70', '73']
  [DROPOFF] person=73  t=7610.0s  ride_time=220.0s  excess=169.12614843346466
New arrivals: [], pickups: [], dropoffs: ['73']
  [PERIODIC PICKUP] person=74  taxi=t_0  t=7640.0s
New arrivals: [], pickups: ['74'], dropoffs: []
  [PERIODIC PICKUP] person=75  taxi=t_0  t=7670.0s
New arrivals: [], pickups: ['75'], dropoffs: []
  [PERIODIC PICKUP] person=76  taxi=t_0  t=7700.0s
New arrivals: [], pickups: ['76'], dropoffs: []
  [NEW REQUEST] person=77  res=76  B1A1 → A4A3  direct_tt=54.4s
New arrivals: ['77'], pickups: [], dropoffs: []
  → ASSIGNED req=76 → taxi=t_0  pu_eta=7884.5s  (flush pending)
  → DISPATCHED taxi=t_0 reservations=['67', '66', '75', '74', '76', '76', '71', '71', '66', '70', '73']
  [NEW REQUEST] person=78  res=77  C1B1 → D4C4  direct_tt=52.0s
New arrivals: ['78'], pickups: [], dropoffs: []
  → ASSIGNED req=77 → taxi=t_1  pu_eta=7801.3s  (flush pending)
  → DISPATCHED taxi=t_1 reservations=['77', '77']
  [DROPOFF] person=68  t=7820.0s  ride_time=600.0s  excess=567.5276362787594
New arrivals: [], pickups: [], dropoffs: ['68']
  [PERIODIC PICKUP] person=78  taxi=t_1  t=7840.0s
New arrivals: [], pickups: ['78'], dropoffs: []
  [PERIODIC PICKUP] person=67  taxi=t_0  t=7890.0s
New arrivals: [], pickups: ['67'], dropoffs: []
  [NEW REQUEST] person=79  res=78  E15 → B3A3  direct_tt=8.1s
New arrivals: ['79'], pickups: [], dropoffs: []
  → ASSIGNED req=78 → taxi=t_1  pu_eta=7984.3s  (flush pending)
  → DISPATCHED taxi=t_1 reservations=['78', '78', '77']
  [NEW REQUEST] person=80  res=79  A3B3 → C4B4  direct_tt=32.7s
New arrivals: ['80'], pickups: [], dropoffs: []
  → ASSIGNED req=79 → taxi=t_1  pu_eta=8024.7s  (flush pending)
  → DISPATCHED taxi=t_1 reservations=['78', '79', '78', '77', '79']
  [DROPOFF] person=76  t=8020.0s  ride_time=320.0s  excess=289.69126254610194
New arrivals: [], pickups: [], dropoffs: ['76']
  [PERIODIC PICKUP] person=79  taxi=t_1  t=8040.0s
New arrivals: [], pickups: ['79'], dropoffs: []
  [PERIODIC PICKUP] person=80  taxi=t_1  t=8060.0s
New arrivals: [], pickups: ['80'], dropoffs: []
  [DROPOFF] person=75  t=8100.0s  ride_time=430.0s  excess=403.69994648369044
New arrivals: [], pickups: [], dropoffs: ['75']
  [PERIODIC PICKUP] person=77  taxi=t_0  t=8140.0s
New arrivals: [], pickups: ['77'], dropoffs: []
  [DROPOFF] person=79  t=8150.0s  ride_time=110.0s  excess=101.90196462127138
New arrivals: [], pickups: [], dropoffs: ['79']
  [NEW REQUEST] person=81  res=80  C1B1 → B4B3  direct_tt=41.9s
New arrivals: ['81'], pickups: [], dropoffs: []
  → ASSIGNED req=80 → taxi=t_1  pu_eta=8262.0s  (flush pending)
  → DISPATCHED taxi=t_1 reservations=['77', '79', '80', '80']
  [NEW REQUEST] person=82  res=81  B4C4 → E13  direct_tt=23.4s
New arrivals: ['82'], pickups: [], dropoffs: []
  → ASSIGNED req=81 → taxi=t_0  pu_eta=8225.2s  (flush pending)
  → DISPATCHED taxi=t_0 reservations=['81', '76', '81', '71', '71', '66', '70', '73']
  [NEW REQUEST] person=83  res=82  E14 → B1B2  direct_tt=22.3s
New arrivals: ['83'], pickups: [], dropoffs: []
  → ASSIGNED req=82 → taxi=t_1  pu_eta=8308.8s  (flush pending)
  → DISPATCHED taxi=t_1 reservations=['77', '79', '80', '82', '82', '80']
  [PERIODIC PICKUP] person=82  taxi=t_0  t=8230.0s
New arrivals: [], pickups: ['82'], dropoffs: []
  [DROPOFF] person=78  t=8290.0s  ride_time=450.0s  excess=397.9723700382905
New arrivals: [], pickups: [], dropoffs: ['78']
  [DROPOFF] person=80  t=8360.0s  ride_time=300.0s  excess=267.26071019249696
New arrivals: [], pickups: [], dropoffs: ['80']
  [DROPOFF] person=77  t=8380.0s  ride_time=240.0s  excess=185.57107172172581
New arrivals: [], pickups: [], dropoffs: ['77']
  [NEW REQUEST] person=84  res=83  B3B4 → D2C2  direct_tt=41.9s
New arrivals: ['84'], pickups: [], dropoffs: []
  → ASSIGNED req=83 → taxi=t_1  pu_eta=8491.8s  (flush pending)
  → DISPATCHED taxi=t_1 reservations=['80', '82', '82', '83', '80', '83']
  [PERIODIC PICKUP] person=81  taxi=t_1  t=8430.0s
New arrivals: [], pickups: ['81'], dropoffs: []
  [PERIODIC PICKUP] person=83  taxi=t_1  t=8480.0s
New arrivals: [], pickups: ['83'], dropoffs: []
  [DROPOFF] person=82  t=8490.0s  ride_time=260.0s  excess=236.56234606736047
New arrivals: [], pickups: [], dropoffs: ['82']
  [NEW REQUEST] person=85  res=84  B2B3 → E13  direct_tt=24.6s
New arrivals: ['85'], pickups: [], dropoffs: []
  → ASSIGNED req=84 → taxi=t_0  pu_eta=8592.4s  (flush pending)
  → DISPATCHED taxi=t_0 reservations=['71', '71', '84', '66', '70', '73', '84']
  [PERIODIC PICKUP] person=72  taxi=t_0  t=8520.0s
New arrivals: [], pickups: ['72'], dropoffs: []
  [NEW REQUEST] person=86  res=85  B3B2 → B4B3  direct_tt=41.6s
New arrivals: ['86'], pickups: [], dropoffs: []
  → ASSIGNED req=85 → taxi=t_1  pu_eta=8606.5s  (flush pending)
  → DISPATCHED taxi=t_1 reservations=['85', '82', '83', '85', '80', '83']
  [PERIODIC PICKUP] person=86  taxi=t_1  t=8610.0s
New arrivals: [], pickups: ['86'], dropoffs: []
  [DROPOFF] person=72  t=8650.0s  ride_time=130.0s  excess=90.78590201280798
New arrivals: [], pickups: [], dropoffs: ['72']
  [PERIODIC PICKUP] person=85  taxi=t_0  t=8700.0s
New arrivals: [], pickups: ['85'], dropoffs: []
  [NEW REQUEST] person=87  res=86  D2D3 → B1C1  direct_tt=50.3s
  [DROPOFF] person=83  t=8770.0s  ride_time=290.0s  excess=267.7227530155125
New arrivals: ['87'], pickups: [], dropoffs: ['83']
  → ASSIGNED req=86 → taxi=t_0  pu_eta=8843.8s  (flush pending)
  → DISPATCHED taxi=t_0 reservations=['66', '70', '73', '86', '84', '86']
  [PERIODIC PICKUP] person=84  taxi=t_1  t=8790.0s
New arrivals: [], pickups: ['84'], dropoffs: []
  [NEW REQUEST] person=88  res=87  D1D2 → C2C3  direct_tt=23.6s
New arrivals: ['88'], pickups: [], dropoffs: []
  → ASSIGNED req=87 → taxi=t_1  pu_eta=8872.0s  (flush pending)
  → DISPATCHED taxi=t_1 reservations=['85', '80', '83', '87', '87']
  [DROPOFF] person=67  t=8840.0s  ride_time=950.0s  excess=924.3434485200971
New arrivals: [], pickups: [], dropoffs: ['67']
  [NEW REQUEST] person=89  res=88  C4C3 → C1C2  direct_tt=34.8s
  [DROPOFF] person=81  t=8880.0s  ride_time=450.0s  excess=408.146279561026
  [DROPOFF] person=86  t=8880.0s  ride_time=270.0s  excess=228.40965182741343
New arrivals: ['89'], pickups: [], dropoffs: ['81', '86']
  → ASSIGNED req=88 → taxi=t_0  pu_eta=8924.2s  (flush pending)
  → DISPATCHED taxi=t_0 reservations=['88', '70', '88', '73', '86', '84', '86']
  [NEW REQUEST] person=90  res=89  E14 → E18  direct_tt=18.6s
New arrivals: ['90'], pickups: [], dropoffs: []
  → ASSIGNED req=89 → taxi=t_0  pu_eta=8982.6s  (flush pending)
  → DISPATCHED taxi=t_0 reservations=['88', '89', '70', '88', '89', '73', '86', '84', '86']
  [PERIODIC PICKUP] person=89  taxi=t_0  t=8970.0s
New arrivals: [], pickups: ['89'], dropoffs: []
  [NEW REQUEST] person=91  res=90  B3B2 → E12  direct_tt=18.4s
New arrivals: ['91'], pickups: [], dropoffs: []
  → ASSIGNED req=90 → taxi=t_1  pu_eta=9063.8s  (flush pending)
  → DISPATCHED taxi=t_1 reservations=['83', '87', '87', '90', '90']
  [NEW REQUEST] person=92  res=91  B4B3 → D1D2  direct_tt=47.5s
New arrivals: ['92'], pickups: [], dropoffs: []
  → ASSIGNED req=91 → taxi=t_1  pu_eta=9097.6s  (flush pending)
  → DISPATCHED taxi=t_1 reservations=['83', '87', '87', '91', '90', '90', '91']
  [PERIODIC PICKUP] person=90  taxi=t_0  t=9020.0s
New arrivals: [], pickups: ['90'], dropoffs: []
  [NEW REQUEST] person=93  res=92  E14 → D1D2  direct_tt=24.8s
  [DROPOFF] person=84  t=9080.0s  ride_time=290.0s  excess=248.08401351199248
New arrivals: ['93'], pickups: [], dropoffs: ['84']
  → ASSIGNED req=92 → taxi=t_1  pu_eta=9193.6s  (flush pending)
  → DISPATCHED taxi=t_1 reservations=['87', '87', '91', '90', '92', '92', '90', '91']
  [PERIODIC PICKUP] person=88  taxi=t_1  t=9110.0s
New arrivals: [], pickups: ['88'], dropoffs: []
  [DROPOFF] person=71  t=9130.0s  ride_time=1770.0s  excess=1753.7735213561816
New arrivals: [], pickups: [], dropoffs: ['71']
  [DROPOFF] person=88  t=9200.0s  ride_time=90.0s  excess=66.39499376635234
New arrivals: [], pickups: [], dropoffs: ['88']
  [DROPOFF] person=74  t=9210.0s  ride_time=1570.0s  excess=1543.0489078602563
  [DROPOFF] person=89  t=9210.0s  ride_time=240.0s  excess=205.2385633372097
New arrivals: [], pickups: [], dropoffs: ['74', '89']
  [PERIODIC PICKUP] person=92  taxi=t_1  t=9280.0s
New arrivals: [], pickups: ['92'], dropoffs: []
  [NEW REQUEST] person=94  res=93  C1D1 → A1B1  direct_tt=55.3s
New arrivals: ['94'], pickups: [], dropoffs: []
  → ASSIGNED req=93 → taxi=t_1  pu_eta=9428.4s  (flush pending)
  → DISPATCHED taxi=t_1 reservations=['90', '92', '92', '90', '91', '93', '93']
  [PERIODIC PICKUP] person=91  taxi=t_1  t=9300.0s
New arrivals: [], pickups: ['91'], dropoffs: []
  [DROPOFF] person=90  t=9310.0s  ride_time=290.0s  excess=271.3768017070059
New arrivals: [], pickups: [], dropoffs: ['90']
  [PERIODIC PICKUP] person=93  taxi=t_1  t=9330.0s
New arrivals: [], pickups: ['93'], dropoffs: []
  [DROPOFF] person=92  t=9420.0s  ride_time=140.0s  excess=92.49864836854915
New arrivals: [], pickups: [], dropoffs: ['92']
  [DROPOFF] person=93  t=9430.0s  ride_time=100.0s  excess=75.18716310099484
New arrivals: [], pickups: [], dropoffs: ['93']
  [NEW REQUEST] person=95  res=94  B2C2 → A2A3  direct_tt=33.1s
New arrivals: ['95'], pickups: [], dropoffs: []
  → ASSIGNED req=94 → taxi=t_1  pu_eta=9522.6s  (flush pending)
  → DISPATCHED taxi=t_1 reservations=['94', '94', '90', '93', '93']
  [PERIODIC PICKUP] person=95  taxi=t_1  t=9550.0s
New arrivals: [], pickups: ['95'], dropoffs: []
  [PERIODIC PICKUP] person=87  taxi=t_0  t=9600.0s
New arrivals: [], pickups: ['87'], dropoffs: []
  [NEW REQUEST] person=96  res=95  B2A2 → A2A1  direct_tt=13.8s
  [DROPOFF] person=95  t=9680.0s  ride_time=130.0s  excess=96.8788710166781
New arrivals: ['96'], pickups: [], dropoffs: ['95']
  → ASSIGNED req=95 → taxi=t_1  pu_eta=9767.1s  (flush pending)
  → DISPATCHED taxi=t_1 reservations=['90', '93', '95', '95', '93']
  [NEW REQUEST] person=97  res=96  B2A2 → E12  direct_tt=28.5s
New arrivals: ['97'], pickups: [], dropoffs: []
  → ASSIGNED req=96 → taxi=t_1  pu_eta=9735.8s  (flush pending)
  → DISPATCHED taxi=t_1 reservations=['90', '96', '93', '95', '95', '96', '93']
  [DROPOFF] person=85  t=9760.0s  ride_time=1060.0s  excess=1035.4313734574437
New arrivals: [], pickups: [], dropoffs: ['85']
  [DROPOFF] person=91  t=9800.0s  ride_time=500.0s  excess=481.6221616396562
New arrivals: [], pickups: [], dropoffs: ['91']
  [PERIODIC PICKUP] person=97  taxi=t_1  t=9870.0s
New arrivals: [], pickups: ['97'], dropoffs: []
  [NEW REQUEST] person=98  res=97  E11 → A3B3  direct_tt=30.3s
  [DROPOFF] person=87  t=9890.0s  ride_time=290.0s  excess=239.69066434361028
New arrivals: ['98'], pickups: [], dropoffs: ['87']
  → ASSIGNED req=97 → taxi=t_1  pu_eta=9936.1s  (flush pending)
  → DISPATCHED taxi=t_1 reservations=['93', '97', '95', '95', '97', '96', '93']
  [NEW REQUEST] person=99  res=98  C4D4 → B2C2  direct_tt=47.7s
  [PERIODIC PICKUP] person=94  taxi=t_1  t=9920.0s
New arrivals: ['99'], pickups: ['94'], dropoffs: []
  → ASSIGNED req=98 → taxi=t_0  pu_eta=9959.6s  (flush pending)
  → DISPATCHED taxi=t_0 reservations=['98', '98']
  [PERIODIC PICKUP] person=98  taxi=t_1  t=9950.0s
New arrivals: [], pickups: ['98'], dropoffs: []
  [PERIODIC PICKUP] person=96  taxi=t_1  t=9970.0s
New arrivals: [], pickups: ['96'], dropoffs: []
  [PERIODIC PICKUP] person=99  taxi=t_0  t=10040.0s
New arrivals: [], pickups: ['99'], dropoffs: []
  [DROPOFF] person=96  t=10060.0s  ride_time=90.0s  excess=76.19826145376928
New arrivals: [], pickups: [], dropoffs: ['96']
  [NEW REQUEST] person=100  res=99  D2D3 → B1B2  direct_tt=46.1s
New arrivals: ['100'], pickups: [], dropoffs: []
  → ASSIGNED req=99 → taxi=t_0  pu_eta=10153.5s  (flush pending)
  → DISPATCHED taxi=t_0 reservations=['98', '99', '99']
  [DROPOFF] person=98  t=10170.0s  ride_time=220.0s  excess=189.676400434529
New arrivals: [], pickups: [], dropoffs: ['98']
  [DROPOFF] person=99  t=10200.0s  ride_time=160.0s  excess=112.31062421454045
New arrivals: [], pickups: [], dropoffs: ['99']
  [NEW REQUEST] person=101  res=100  B4C4 → C1B1  direct_tt=37.0s
New arrivals: ['101'], pickups: [], dropoffs: []
  → ASSIGNED req=100 → taxi=t_0  pu_eta=10299.6s  (flush pending)
  → DISPATCHED taxi=t_0 reservations=['99', '99', '100', '100']
  [PERIODIC PICKUP] person=100  taxi=t_0  t=10230.0s
New arrivals: [], pickups: ['100'], dropoffs: []
  [NEW REQUEST] person=102  res=101  A1A2 → E15  direct_tt=25.8s
New arrivals: ['102'], pickups: [], dropoffs: []
  → ASSIGNED req=101 → taxi=t_0  pu_eta=10293.7s  (flush pending)
  → DISPATCHED taxi=t_0 reservations=['101', '101', '99', '100', '100']
  [NEW REQUEST] person=103  res=102  A1B1 → D1C1  direct_tt=37.9s
  [DROPOFF] person=97  t=10260.0s  ride_time=390.0s  excess=361.54938244662793
New arrivals: ['103'], pickups: [], dropoffs: ['97']
  → ASSIGNED req=102 → taxi=t_1  pu_eta=10289.1s  (flush pending)
  → DISPATCHED taxi=t_1 reservations=['93', '102', '102']
  [PERIODIC PICKUP] person=102  taxi=t_0  t=10310.0s
New arrivals: [], pickups: ['102'], dropoffs: []
  [DROPOFF] person=94  t=10410.0s  ride_time=490.0s  excess=434.71953609193235
New arrivals: [], pickups: [], dropoffs: ['94']
  [DROPOFF] person=102  t=10450.0s  ride_time=140.0s  excess=114.2437767979551
New arrivals: [], pickups: [], dropoffs: ['102']
  [NEW REQUEST] person=104  res=103  A3A2 → D4D3  direct_tt=53.2s
New arrivals: ['104'], pickups: [], dropoffs: []
  → ASSIGNED req=103 → taxi=t_0  pu_eta=10520.0s  (flush pending)
  → DISPATCHED taxi=t_0 reservations=['103', '99', '103', '100', '100']
  [NEW REQUEST] person=105  res=104  D3D2 → A3B3  direct_tt=44.1s
  [PERIODIC PICKUP] person=104  taxi=t_0  t=10550.0s
New arrivals: ['105'], pickups: ['104'], dropoffs: []
  → ASSIGNED req=104 → taxi=t_0  pu_eta=10616.9s  (flush pending)
  → DISPATCHED taxi=t_0 reservations=['99', '104', '103', '104', '100', '100']
  [NEW REQUEST] person=106  res=105  C2C1 → B3B4  direct_tt=37.0s
New arrivals: ['106'], pickups: [], dropoffs: []
  → ASSIGNED req=105 → taxi=t_0  pu_eta=10689.7s  (flush pending)
  → DISPATCHED taxi=t_0 reservations=['99', '104', '103', '105', '105', '104', '100', '100']
  [DROPOFF] person=100  t=10650.0s  ride_time=420.0s  excess=373.889335315665
New arrivals: [], pickups: [], dropoffs: ['100']
  [PERIODIC PICKUP] person=105  taxi=t_0  t=10680.0s
New arrivals: [], pickups: ['105'], dropoffs: []
  [NEW REQUEST] person=107  res=106  B1A1 → D4C4  direct_tt=60.3s
New arrivals: ['107'], pickups: [], dropoffs: []
  → ASSIGNED req=106 → taxi=t_0  pu_eta=10824.8s  (flush pending)
  → DISPATCHED taxi=t_0 reservations=['103', '105', '106', '106', '105', '104', '100', '100']
  [DROPOFF] person=104  t=10850.0s  ride_time=300.0s  excess=246.82058005924313
New arrivals: [], pickups: [], dropoffs: ['104']
  [PERIODIC PICKUP] person=106  taxi=t_0  t=10920.0s
New arrivals: [], pickups: ['106'], dropoffs: []
  [NEW REQUEST] person=108  res=107  C3B3 → B3A3  direct_tt=15.6s
New arrivals: ['108'], pickups: [], dropoffs: []
  → ASSIGNED req=107 → taxi=t_0  pu_eta=11035.8s  (flush pending)
  → DISPATCHED taxi=t_0 reservations=['106', '106', '107', '105', '104', '107', '100', '100']
  [PERIODIC PICKUP] person=107  taxi=t_0  t=10990.0s
New arrivals: [], pickups: ['107'], dropoffs: []
  [NEW REQUEST] person=109  res=108  D4D3 → E16  direct_tt=27.8s
New arrivals: ['109'], pickups: [], dropoffs: []
  → ASSIGNED req=108 → taxi=t_0  pu_eta=11117.6s  (flush pending)
  → DISPATCHED taxi=t_0 reservations=['106', '107', '108', '108', '105', '104', '107', '100', '100']
  [NEW REQUEST] person=110  res=109  A2B2 → E16  direct_tt=16.8s
New arrivals: ['110'], pickups: [], dropoffs: []
  → ASSIGNED req=109 → taxi=t_0  pu_eta=11221.1s  (flush pending)
  → DISPATCHED taxi=t_0 reservations=['106', '107', '108', '108', '105', '109', '104', '107', '109', '100', '100']
  [NEW REQUEST] person=111  res=110  D1D2 → B1C1  direct_tt=42.3s
New arrivals: ['111'], pickups: [], dropoffs: []
  → ASSIGNED req=110 → taxi=t_0  pu_eta=11205.6s  (flush pending)
  → DISPATCHED taxi=t_0 reservations=['106', '107', '108', '110', '108', '105', '109', '104', '107', '109', '100', '110', '100']
  [DROPOFF] person=107  t=11180.0s  ride_time=190.0s  excess=129.71244159519074
New arrivals: [], pickups: [], dropoffs: ['107']
  [PERIODIC PICKUP] person=108  taxi=t_0  t=11190.0s
New arrivals: [], pickups: ['108'], dropoffs: []
  [PERIODIC PICKUP] person=109  taxi=t_0  t=11270.0s
New arrivals: [], pickups: ['109'], dropoffs: []
  [PERIODIC PICKUP] person=111  taxi=t_0  t=11300.0s
New arrivals: [], pickups: ['111'], dropoffs: []
  [NEW REQUEST] person=112  res=111  B3C3 → C2C3  direct_tt=25.9s
New arrivals: ['112'], pickups: [], dropoffs: []
  → ASSIGNED req=111 → taxi=t_0  pu_eta=11485.9s  (flush pending)
  → DISPATCHED taxi=t_0 reservations=['108', '105', '109', '104', '107', '109', '111', '100', '110', '100', '111']
  [NEW REQUEST] person=113  res=112  D2C2 → D3D4  direct_tt=29.2s
New arrivals: ['113'], pickups: [], dropoffs: []
  → ASSIGNED req=112 → taxi=t_0  pu_eta=11496.5s  (flush pending)
  → DISPATCHED taxi=t_0 reservations=['108', '105', '109', '104', '112', '107', '109', '111', '112', '100', '110', '100', '111']
  [DROPOFF] person=109  t=11470.0s  ride_time=200.0s  excess=172.19213112533674
New arrivals: [], pickups: [], dropoffs: ['109']
  [DROPOFF] person=106  t=11550.0s  ride_time=630.0s  excess=593.0297379452384
New arrivals: [], pickups: [], dropoffs: ['106']
  [NEW REQUEST] person=114  res=113  E17 → D3C3  direct_tt=27.3s
New arrivals: ['114'], pickups: [], dropoffs: []
  → ASSIGNED req=113 → taxi=t_0  pu_eta=11622.3s  (flush pending)
  → DISPATCHED taxi=t_0 reservations=['109', '113', '104', '112', '107', '109', '111', '112', '100', '110', '100', '113', '111']
  [PERIODIC PICKUP] person=110  taxi=t_0  t=11630.0s
New arrivals: [], pickups: ['110'], dropoffs: []
  [PERIODIC PICKUP] person=114  taxi=t_0  t=11680.0s
New arrivals: [], pickups: ['114'], dropoffs: []
  [DROPOFF] person=105  t=11770.0s  ride_time=1090.0s  excess=1045.9383190651718
New arrivals: [], pickups: [], dropoffs: ['105']
  [NEW REQUEST] person=115  res=114  A2B2 → C2C3  direct_tt=24.8s
New arrivals: ['115'], pickups: [], dropoffs: []
  → ASSIGNED req=114 → taxi=t_0  pu_eta=11842.2s  (flush pending)
  → DISPATCHED taxi=t_0 reservations=['112', '114', '107', '109', '111', '112', '100', '110', '100', '113', '114', '111']
  [NEW REQUEST] person=116  res=115  A2A3 → D2C2  direct_tt=45.2s
New arrivals: ['116'], pickups: [], dropoffs: []
  → ASSIGNED req=115 → taxi=t_0  pu_eta=12036.9s  (flush pending)
  → DISPATCHED taxi=t_0 reservations=['112', '114', '107', '109', '111', '112', '100', '115', '110', '100', '113', '114', '115', '111']
  [PERIODIC PICKUP] person=113  taxi=t_0  t=11860.0s
New arrivals: [], pickups: ['113'], dropoffs: []
  [NEW REQUEST] person=117  res=116  B1A1 → E12  direct_tt=30.4s
New arrivals: ['117'], pickups: [], dropoffs: []
  → ASSIGNED req=116 → taxi=t_0  pu_eta=12083.8s  (flush pending)
  → DISPATCHED taxi=t_0 reservations=['114', '107', '109', '111', '112', '100', '116', '115', '110', '100', '116', '113', '114', '115', '111']
  [PERIODIC PICKUP] person=115  taxi=t_0  t=11940.0s
New arrivals: [], pickups: ['115'], dropoffs: []
  [NEW REQUEST] person=118  res=117  A1A2 → C1C2  direct_tt=37.3s
New arrivals: ['118'], pickups: [], dropoffs: []
  → ASSIGNED req=117 → taxi=t_0  pu_eta=12099.8s  (flush pending)
  → DISPATCHED taxi=t_0 reservations=['107', '109', '111', '112', '100', '116', '117', '115', '110', '100', '116', '113', '114', '117', '115', '111']
  [NEW REQUEST] person=119  res=118  C1D1 → C3C4  direct_tt=37.7s
  [DROPOFF] person=108  t=12030.0s  ride_time=840.0s  excess=824.3825261763469
New arrivals: ['119'], pickups: [], dropoffs: ['108']
  → ASSIGNED req=118 → taxi=t_0  pu_eta=12261.3s  (flush pending)
  → DISPATCHED taxi=t_0 reservations=['109', '111', '112', '100', '116', '117', '115', '110', '100', '118', '116', '113', '114', '117', '118', '115', '111']
  [NEW REQUEST] person=120  res=119  D2D1 → D2C2  direct_tt=32.5s
New arrivals: ['120'], pickups: [], dropoffs: []
  → ASSIGNED req=119 → taxi=t_0  pu_eta=12155.3s  (flush pending)
  → DISPATCHED taxi=t_0 reservations=['109', '111', '112', '100', '119', '116', '117', '115', '110', '100', '119', '118', '116', '113', '114', '117', '118', '115', '111']
  [DROPOFF] person=110  t=12130.0s  ride_time=500.0s  excess=483.17458603311735
  [PERIODIC PICKUP] person=112  taxi=t_0  t=12130.0s
New arrivals: [], pickups: ['112'], dropoffs: ['110']
  [NEW REQUEST] person=121  res=120  C2C3 → C3D3  direct_tt=12.8s
New arrivals: ['121'], pickups: [], dropoffs: []
  → ASSIGNED req=120 → taxi=t_0  pu_eta=12589.2s  (flush pending)
  → DISPATCHED taxi=t_0 reservations=['112', '100', '119', '116', '117', '115', '110', '100', '119', '118', '116', '113', '114', '117', '118', '115', '111', '120', '120']
  [NEW REQUEST] person=122  res=121  A3A2 → D1C1  direct_tt=46.1s
  [DROPOFF] person=113  t=12220.0s  ride_time=360.0s  excess=330.7910988194917
New arrivals: ['122'], pickups: [], dropoffs: ['113']
  → ASSIGNED req=121 → taxi=t_0  pu_eta=12358.8s  (flush pending)
  → DISPATCHED taxi=t_0 reservations=['100', '119', '116', '117', '115', '121', '110', '121', '100', '119', '118', '116', '113', '114', '117', '118', '115', '111', '120', '120']
  [PERIODIC PICKUP] person=101  taxi=t_0  t=12260.0s
New arrivals: [], pickups: ['101'], dropoffs: []
  [PERIODIC PICKUP] person=120  taxi=t_0  t=12340.0s
New arrivals: [], pickups: ['120'], dropoffs: []
  [PERIODIC PICKUP] person=117  taxi=t_0  t=12370.0s
New arrivals: [], pickups: ['117'], dropoffs: []
  [PERIODIC PICKUP] person=118  taxi=t_0  t=12390.0s
New arrivals: [], pickups: ['118'], dropoffs: []
  [NEW REQUEST] person=123  res=122  C2C3 → B1B2  direct_tt=41.7s
New arrivals: ['123'], pickups: [], dropoffs: []
  → ASSIGNED req=122 → taxi=t_0  pu_eta=12494.8s  (flush pending)
  → DISPATCHED taxi=t_0 reservations=['115', '121', '110', '122', '121', '100', '119', '122', '118', '116', '113', '114', '117', '118', '115', '111', '120', '120']
  [PERIODIC PICKUP] person=116  taxi=t_0  t=12430.0s
New arrivals: [], pickups: ['116'], dropoffs: []
  [PERIODIC PICKUP] person=122  taxi=t_0  t=12450.0s
New arrivals: [], pickups: ['122'], dropoffs: []
  [NEW REQUEST] person=124  res=123  E17 → D4D3  direct_tt=30.9s
New arrivals: ['124'], pickups: [], dropoffs: []
  → ASSIGNED req=123 → taxi=t_0  pu_eta=12838.8s  (flush pending)
  → DISPATCHED taxi=t_0 reservations=['110', '122', '121', '100', '119', '122', '118', '116', '113', '114', '117', '118', '123', '115', '111', '120', '123', '120']
  [NEW REQUEST] person=125  res=124  D1C1 → E16  direct_tt=29.3s
New arrivals: ['125'], pickups: [], dropoffs: []
  → ASSIGNED req=124 → taxi=t_0  pu_eta=12848.0s  (flush pending)
  → DISPATCHED taxi=t_0 reservations=['110', '122', '121', '100', '119', '122', '118', '116', '113', '114', '117', '124', '124', '118', '123', '115', '111', '120', '123', '120']
